# JRE version: OpenJDK Runtime Environment (8.0_345-b01) (build 1.8.0_345-b01)
# Java VM: OpenJDK 64-Bit Server VM (25.345-b01 mixed mode windows-amd64 compressed oops)
Heap:
 PSYoungGen      total 179200K, used 26476K [0x000000076c180000, 0x000000077cb00000, 0x00000007c0000000)
  eden space 176128K, 13% used [0x000000076c180000,0x000000076d88f7a8,0x0000000776d80000)
  from space 3072K, 93% used [0x000000077c800000,0x000000077cacbad8,0x000000077cb00000)
  to   space 10752K, 0% used [0x000000077b600000,0x000000077b600000,0x000000077c080000)
 ParOldGen       total 137216K, used 86742K [0x00000006c4400000, 0x00000006cca00000, 0x000000076c180000)
  object space 137216K, 63% used [0x00000006c4400000,0x00000006c98b5808,0x00000006cca00000)
 Metaspace       used 24213K, capacity 24487K, committed 24832K, reserved 1071104K
  class space    used 2893K, capacity 2960K, committed 3072K, reserved 1048576K
GC Heap History (10 events):
Event: 0.743 GC heap before
{Heap before GC invocations=1 (full 0):
 PSYoungGen      total 75264K, used 64512K [0x000000076c180000, 0x0000000771580000, 0x00000007c0000000)
  eden space 64512K, 100% used [0x000000076c180000,0x0000000770080000,0x0000000770080000)
  from space 10752K, 0% used [0x0000000770b00000,0x0000000770b00000,0x0000000771580000)
  to   space 10752K, 0% used [0x0000000770080000,0x0000000770080000,0x0000000770b00000)
 ParOldGen       total 172032K, used 0K [0x00000006c4400000, 0x00000006cec00000, 0x000000076c180000)
  object space 172032K, 0% used [0x00000006c4400000,0x00000006c4400000,0x00000006cec00000)
 Metaspace       used 8620K, capacity 8680K, committed 8832K, reserved 1056768K
  class space    used 1030K, capacity 1076K, committed 1152K, reserved 1048576K
Event: 0.751 GC heap after
Heap after GC invocations=1 (full 0):
 PSYoungGen      total 75264K, used 10732K [0x000000076c180000, 0x0000000775480000, 0x00000007c0000000)
  eden space 64512K, 0% used [0x000000076c180000,0x000000076c180000,0x0000000770080000)
  from space 10752K, 99% used [0x0000000770080000,0x0000000770afb178,0x0000000770b00000)
  to   space 10752K, 0% used [0x0000000774a00000,0x0000000774a00000,0x0000000775480000)
 ParOldGen       total 172032K, used 4509K [0x00000006c4400000, 0x00000006cec00000, 0x000000076c180000)
  object space 172032K, 2% used [0x00000006c4400000,0x00000006c48674c0,0x00000006cec00000)
 Metaspace       used 8620K, capacity 8680K, committed 8832K, reserved 1056768K
  class space    used 1030K, capacity 1076K, committed 1152K, reserved 1048576K
}
Event: 1.397 GC heap before
{Heap before GC invocations=2 (full 0):
 PSYoungGen      total 75264K, used 75244K [0x000000076c180000, 0x0000000775480000, 0x00000007c0000000)
  eden space 64512K, 100% used [0x000000076c180000,0x0000000770080000,0x0000000770080000)
  from space 10752K, 99% used [0x0000000770080000,0x0000000770afb178,0x0000000770b00000)
  to   space 10752K, 0% used [0x0000000774a00000,0x0000000774a00000,0x0000000775480000)
 ParOldGen       total 172032K, used 4509K [0x00000006c4400000, 0x00000006cec00000, 0x000000076c180000)
  object space 172032K, 2% used [0x00000006c4400000,0x00000006c48674c0,0x00000006cec00000)
 Metaspace       used 15452K, capacity 15626K, committed 15872K, reserved 1062912K
  class space    used 1979K, capacity 2015K, committed 2048K, reserved 1048576K
Event: 1.409 GC heap after
Heap after GC invocations=2 (full 0):
 PSYoungGen      total 139776K, used 10720K [0x000000076c180000, 0x0000000775480000, 0x00000007c0000000)
  eden space 129024K, 0% used [0x000000076c180000,0x000000076c180000,0x0000000773f80000)
  from space 10752K, 99% used [0x0000000774a00000,0x0000000775478078,0x0000000775480000)
  to   space 10752K, 0% used [0x0000000773f80000,0x0000000773f80000,0x0000000774a00000)
 ParOldGen       total 172032K, used 17627K [0x00000006c4400000, 0x00000006cec00000, 0x000000076c180000)
  object space 172032K, 10% used [0x00000006c4400000,0x00000006c5536fe0,0x00000006cec00000)
 Metaspace       used 15452K, capacity 15626K, committed 15872K, reserved 1062912K
  class space    used 1979K, capacity 2015K, committed 2048K, reserved 1048576K
}
Event: 2.475 GC heap before
{Heap before GC invocations=3 (full 0):
 PSYoungGen      total 139776K, used 119316K [0x000000076c180000, 0x0000000775480000, 0x00000007c0000000)
  eden space 129024K, 84% used [0x000000076c180000,0x0000000772b8d208,0x0000000773f80000)
  from space 10752K, 99% used [0x0000000774a00000,0x0000000775478078,0x0000000775480000)
  to   space 10752K, 0% used [0x0000000773f80000,0x0000000773f80000,0x0000000774a00000)
 ParOldGen       total 172032K, used 17627K [0x00000006c4400000, 0x00000006cec00000, 0x000000076c180000)
  object space 172032K, 10% used [0x00000006c4400000,0x00000006c5536fe0,0x00000006cec00000)
 Metaspace       used 20830K, capacity 21102K, committed 21248K, reserved 1067008K
  class space    used 2617K, capacity 2697K, committed 2816K, reserved 1048576K
Event: 2.486 GC heap after
Heap after GC invocations=3 (full 0):
 PSYoungGen      total 139776K, used 10720K [0x000000076c180000, 0x000000077d280000, 0x00000007c0000000)
  eden space 129024K, 0% used [0x000000076c180000,0x000000076c180000,0x0000000773f80000)
  from space 10752K, 99% used [0x0000000773f80000,0x00000007749f8078,0x0000000774a00000)
  to   space 10752K, 0% used [0x000000077c800000,0x000000077c800000,0x000000077d280000)
 ParOldGen       total 172032K, used 24619K [0x00000006c4400000, 0x00000006cec00000, 0x000000076c180000)
  object space 172032K, 14% used [0x00000006c4400000,0x00000006c5c0ad20,0x00000006cec00000)
 Metaspace       used 20830K, capacity 21102K, committed 21248K, reserved 1067008K
  class space    used 2617K, capacity 2697K, committed 2816K, reserved 1048576K
}
Event: 2.486 GC heap before
{Heap before GC invocations=4 (full 1):
 PSYoungGen      total 139776K, used 10720K [0x000000076c180000, 0x000000077d280000, 0x00000007c0000000)
  eden space 129024K, 0% used [0x000000076c180000,0x000000076c180000,0x0000000773f80000)
  from space 10752K, 99% used [0x0000000773f80000,0x00000007749f8078,0x0000000774a00000)
  to   space 10752K, 0% used [0x000000077c800000,0x000000077c800000,0x000000077d280000)
 ParOldGen       total 172032K, used 24619K [0x00000006c4400000, 0x00000006cec00000, 0x000000076c180000)
  object space 172032K, 14% used [0x00000006c4400000,0x00000006c5c0ad20,0x00000006cec00000)
 Metaspace       used 20830K, capacity 21102K, committed 21248K, reserved 1067008K
  class space    used 2617K, capacity 2697K, committed 2816K, reserved 1048576K
Event: 2.531 GC heap after
Heap after GC invocations=4 (full 1):
 PSYoungGen      total 139776K, used 0K [0x000000076c180000, 0x000000077d280000, 0x00000007c0000000)
  eden space 129024K, 0% used [0x000000076c180000,0x000000076c180000,0x0000000773f80000)
  from space 10752K, 0% used [0x0000000773f80000,0x0000000773f80000,0x0000000774a00000)
  to   space 10752K, 0% used [0x000000077c800000,0x000000077c800000,0x000000077d280000)
 ParOldGen       total 137216K, used 21165K [0x00000006c4400000, 0x00000006cca00000, 0x000000076c180000)
  object space 137216K, 15% used [0x00000006c4400000,0x00000006c58ab7e8,0x00000006cca00000)
 Metaspace       used 20830K, capacity 21102K, committed 21248K, reserved 1067008K
  class space    used 2617K, capacity 2697K, committed 2816K, reserved 1048576K
}
Event: 4.550 GC heap before
{Heap before GC invocations=5 (full 1):
 PSYoungGen      total 139776K, used 129024K [0x000000076c180000, 0x000000077d280000, 0x00000007c0000000)
  eden space 129024K, 100% used [0x000000076c180000,0x0000000773f80000,0x0000000773f80000)
  from space 10752K, 0% used [0x0000000773f80000,0x0000000773f80000,0x0000000774a00000)
  to   space 10752K, 0% used [0x000000077c800000,0x000000077c800000,0x000000077d280000)
 ParOldGen       total 137216K, used 86701K [0x00000006c4400000, 0x00000006cca00000, 0x000000076c180000)
  object space 137216K, 63% used [0x00000006c4400000,0x00000006c98ab7f8,0x00000006cca00000)
 Metaspace       used 24097K, capacity 24347K, committed 24576K, reserved 1071104K
  class space    used 2878K, capacity 2958K, committed 3072K, reserved 1048576K
Event: 4.552 GC heap after
Heap after GC invocations=5 (full 1):
 PSYoungGen      total 179200K, used 2862K [0x000000076c180000, 0x000000077cb00000, 0x00000007c0000000)
  eden space 176128K, 0% used [0x000000076c180000,0x000000076c180000,0x0000000776d80000)
  from space 3072K, 93% used [0x000000077c800000,0x000000077cacbad8,0x000000077cb00000)
  to   space 10752K, 0% used [0x000000077b600000,0x000000077b600000,0x000000077c080000)
 ParOldGen       total 137216K, used 86742K [0x00000006c4400000, 0x00000006cca00000, 0x000000076c180000)
  object space 137216K, 63% used [0x00000006c4400000,0x00000006c98b5808,0x00000006cca00000)
 Metaspace       used 24097K, capacity 24347K, committed 24576K, reserved 1071104K
  class space    used 2878K, capacity 2958K, committed 3072K, reserved 1048576K
}

